000 (1005499.000.000) 03/22 10:01:57 Job submitted from host: <192.168.1.254:52171>
...
013 (1005499.000.000) 03/22 10:02:04 Job was released.
	via condor_release (by user condor)
...
001 (1005499.000.000) 03/22 10:02:06 Job executing on host: <192.168.1.219:53667>
...
Job start: host=twqcd218, JOB_ID=1005499, GPU_ID=0 1, wdir=/home/cuda2024/twchiu/cuda_lecture/vecAdd_NGPU
005 (1005499.000.000) 03/22 10:02:11 Job terminated.
	(1) Normal termination (return value 0)
		Usr 0 00:00:00, Sys 0 00:00:00  -  Run Remote Usage
		Usr 0 00:00:00, Sys 0 00:00:00  -  Run Local Usage
		Usr 0 00:00:00, Sys 0 00:00:00  -  Total Remote Usage
		Usr 0 00:00:00, Sys 0 00:00:00  -  Total Local Usage
	0  -  Run Bytes Sent By Job
	0  -  Run Bytes Received By Job
	0  -  Total Bytes Sent By Job
	0  -  Total Bytes Received By Job
...
000 (1005500.000.000) 03/22 13:11:30 Job submitted from host: <192.168.1.254:52171>
...
013 (1005500.000.000) 03/22 13:11:34 Job was released.
	via condor_release (by user condor)
...
001 (1005500.000.000) 03/22 13:11:52 Job executing on host: <192.168.1.219:53667>
...
Job start: host=twqcd218, JOB_ID=1005500, GPU_ID=0 1, wdir=/home/cuda2024/twchiu/cuda_lecture/vecAdd_NGPU
005 (1005500.000.000) 03/22 13:12:01 Job terminated.
	(1) Normal termination (return value 0)
		Usr 0 00:00:00, Sys 0 00:00:00  -  Run Remote Usage
		Usr 0 00:00:00, Sys 0 00:00:00  -  Run Local Usage
		Usr 0 00:00:00, Sys 0 00:00:00  -  Total Remote Usage
		Usr 0 00:00:00, Sys 0 00:00:00  -  Total Local Usage
	0  -  Run Bytes Sent By Job
	0  -  Run Bytes Received By Job
	0  -  Total Bytes Sent By Job
	0  -  Total Bytes Received By Job
...
000 (1005501.000.000) 03/22 13:14:47 Job submitted from host: <192.168.1.254:52171>
...
013 (1005501.000.000) 03/22 13:14:49 Job was released.
	via condor_release (by user condor)
...
001 (1005501.000.000) 03/22 13:15:10 Job executing on host: <192.168.1.219:53667>
...
Job start: host=twqcd218, JOB_ID=1005501, GPU_ID=0 1, wdir=/home/cuda2024/twchiu/cuda_lecture/vecAdd_NGPU
005 (1005501.000.000) 03/22 13:15:10 Job terminated.
	(1) Normal termination (return value 0)
		Usr 0 00:00:00, Sys 0 00:00:00  -  Run Remote Usage
		Usr 0 00:00:00, Sys 0 00:00:00  -  Run Local Usage
		Usr 0 00:00:00, Sys 0 00:00:00  -  Total Remote Usage
		Usr 0 00:00:00, Sys 0 00:00:00  -  Total Local Usage
	0  -  Run Bytes Sent By Job
	0  -  Run Bytes Received By Job
	0  -  Total Bytes Sent By Job
	0  -  Total Bytes Received By Job
...
000 (1005502.000.000) 03/22 13:17:07 Job submitted from host: <192.168.1.254:52171>
...
013 (1005502.000.000) 03/22 13:17:13 Job was released.
	via condor_release (by user condor)
...
001 (1005502.000.000) 03/22 13:17:30 Job executing on host: <192.168.1.219:53667>
...
Job start: host=twqcd218, JOB_ID=1005502, GPU_ID=0 1, wdir=/home/cuda2024/twchiu/cuda_lecture/vecAdd_NGPU
005 (1005502.000.000) 03/22 13:17:39 Job terminated.
	(1) Normal termination (return value 0)
		Usr 0 00:00:00, Sys 0 00:00:00  -  Run Remote Usage
		Usr 0 00:00:00, Sys 0 00:00:00  -  Run Local Usage
		Usr 0 00:00:00, Sys 0 00:00:00  -  Total Remote Usage
		Usr 0 00:00:00, Sys 0 00:00:00  -  Total Local Usage
	0  -  Run Bytes Sent By Job
	0  -  Run Bytes Received By Job
	0  -  Total Bytes Sent By Job
	0  -  Total Bytes Received By Job
...
000 (1005503.000.000) 03/22 13:18:36 Job submitted from host: <192.168.1.254:52171>
...
013 (1005503.000.000) 03/22 13:18:46 Job was released.
	via condor_release (by user condor)
...
001 (1005503.000.000) 03/22 13:18:53 Job executing on host: <192.168.1.219:53667>
...
Job start: host=twqcd218, JOB_ID=1005503, GPU_ID=0 1, wdir=/home/cuda2024/twchiu/cuda_lecture/vecAdd_NGPU
005 (1005503.000.000) 03/22 13:19:02 Job terminated.
	(1) Normal termination (return value 0)
		Usr 0 00:00:00, Sys 0 00:00:00  -  Run Remote Usage
		Usr 0 00:00:00, Sys 0 00:00:00  -  Run Local Usage
		Usr 0 00:00:00, Sys 0 00:00:00  -  Total Remote Usage
		Usr 0 00:00:00, Sys 0 00:00:00  -  Total Local Usage
	0  -  Run Bytes Sent By Job
	0  -  Run Bytes Received By Job
	0  -  Total Bytes Sent By Job
	0  -  Total Bytes Received By Job
...
000 (1005504.000.000) 03/22 13:21:12 Job submitted from host: <192.168.1.254:52171>
...
013 (1005504.000.000) 03/22 13:21:21 Job was released.
	via condor_release (by user condor)
...
001 (1005504.000.000) 03/22 13:21:34 Job executing on host: <192.168.1.219:53667>
...
Job start: host=twqcd218, JOB_ID=1005504, GPU_ID=0 1, wdir=/home/cuda2024/twchiu/cuda_lecture/vecAdd_NGPU
005 (1005504.000.000) 03/22 13:21:43 Job terminated.
	(1) Normal termination (return value 0)
		Usr 0 00:00:00, Sys 0 00:00:00  -  Run Remote Usage
		Usr 0 00:00:00, Sys 0 00:00:00  -  Run Local Usage
		Usr 0 00:00:00, Sys 0 00:00:00  -  Total Remote Usage
		Usr 0 00:00:00, Sys 0 00:00:00  -  Total Local Usage
	0  -  Run Bytes Sent By Job
	0  -  Run Bytes Received By Job
	0  -  Total Bytes Sent By Job
	0  -  Total Bytes Received By Job
...
000 (1007139.000.000) 05/04 23:22:43 Job submitted from host: <192.168.1.254:36617>
...
013 (1007139.000.000) 05/04 23:22:45 Job was released.
	via condor_release (by user condor)
...
001 (1007139.000.000) 05/04 23:23:05 Job executing on host: <192.168.1.219:50797>
...
Job start: host=twqcd218, JOB_ID=1007139, GPU_ID=0, wdir=/home/cuda2024/B12902015/cuda_programming/hw4
005 (1007139.000.000) 05/04 23:23:09 Job terminated.
	(1) Normal termination (return value 0)
		Usr 0 00:00:00, Sys 0 00:00:00  -  Run Remote Usage
		Usr 0 00:00:00, Sys 0 00:00:00  -  Run Local Usage
		Usr 0 00:00:00, Sys 0 00:00:00  -  Total Remote Usage
		Usr 0 00:00:00, Sys 0 00:00:00  -  Total Local Usage
	0  -  Run Bytes Sent By Job
	0  -  Run Bytes Received By Job
	0  -  Total Bytes Sent By Job
	0  -  Total Bytes Received By Job
...
