000 (1005033.000.000) 03/09 13:31:44 Job submitted from host: <192.168.1.254:52171>
...
013 (1005033.000.000) 03/09 13:31:47 Job was released.
	via condor_release (by user condor)
...
001 (1005033.000.000) 03/09 13:32:06 Job executing on host: <192.168.1.219:53667>
...
Job start: host=twqcd218, JOB_ID=1005033, GPU_ID=0, wdir=/home/cuda2024/twchiu/cuda_lecture/laplaceTex
005 (1005033.000.000) 03/09 13:32:08 Job terminated.
	(1) Normal termination (return value 0)
		Usr 0 00:00:00, Sys 0 00:00:00  -  Run Remote Usage
		Usr 0 00:00:00, Sys 0 00:00:00  -  Run Local Usage
		Usr 0 00:00:00, Sys 0 00:00:00  -  Total Remote Usage
		Usr 0 00:00:00, Sys 0 00:00:00  -  Total Local Usage
	0  -  Run Bytes Sent By Job
	0  -  Run Bytes Received By Job
	0  -  Total Bytes Sent By Job
	0  -  Total Bytes Received By Job
...
000 (1005034.000.000) 03/09 13:36:08 Job submitted from host: <192.168.1.254:52171>
...
013 (1005034.000.000) 03/09 13:36:14 Job was released.
	via condor_release (by user condor)
...
001 (1005034.000.000) 03/09 13:36:30 Job executing on host: <192.168.1.219:53667>
...
Job start: host=twqcd218, JOB_ID=1005034, GPU_ID=0, wdir=/home/cuda2024/twchiu/cuda_lecture/laplaceTex
005 (1005034.000.000) 03/09 13:36:31 Job terminated.
	(1) Normal termination (return value 0)
		Usr 0 00:00:00, Sys 0 00:00:00  -  Run Remote Usage
		Usr 0 00:00:00, Sys 0 00:00:00  -  Run Local Usage
		Usr 0 00:00:00, Sys 0 00:00:00  -  Total Remote Usage
		Usr 0 00:00:00, Sys 0 00:00:00  -  Total Local Usage
	0  -  Run Bytes Sent By Job
	0  -  Run Bytes Received By Job
	0  -  Total Bytes Sent By Job
	0  -  Total Bytes Received By Job
...
000 (1005035.000.000) 03/09 13:39:45 Job submitted from host: <192.168.1.254:52171>
...
013 (1005035.000.000) 03/09 13:39:50 Job was released.
	via condor_release (by user condor)
...
001 (1005035.000.000) 03/09 13:39:53 Job executing on host: <192.168.1.219:53667>
...
Job start: host=twqcd218, JOB_ID=1005035, GPU_ID=0, wdir=/home/cuda2024/twchiu/cuda_lecture/laplaceTex
005 (1005035.000.000) 03/09 13:39:54 Job terminated.
	(1) Normal termination (return value 0)
		Usr 0 00:00:00, Sys 0 00:00:00  -  Run Remote Usage
		Usr 0 00:00:00, Sys 0 00:00:00  -  Run Local Usage
		Usr 0 00:00:00, Sys 0 00:00:00  -  Total Remote Usage
		Usr 0 00:00:00, Sys 0 00:00:00  -  Total Local Usage
	0  -  Run Bytes Sent By Job
	0  -  Run Bytes Received By Job
	0  -  Total Bytes Sent By Job
	0  -  Total Bytes Received By Job
...
000 (1005036.000.000) 03/09 13:44:17 Job submitted from host: <192.168.1.254:52171>
...
013 (1005036.000.000) 03/09 13:44:18 Job was released.
	via condor_release (by user condor)
...
001 (1005036.000.000) 03/09 13:44:23 Job executing on host: <192.168.1.219:53667>
...
Job start: host=twqcd218, JOB_ID=1005036, GPU_ID=0, wdir=/home/cuda2024/twchiu/cuda_lecture/laplaceTex
005 (1005036.000.000) 03/09 13:44:26 Job terminated.
	(1) Normal termination (return value 0)
		Usr 0 00:00:00, Sys 0 00:00:00  -  Run Remote Usage
		Usr 0 00:00:00, Sys 0 00:00:00  -  Run Local Usage
		Usr 0 00:00:00, Sys 0 00:00:00  -  Total Remote Usage
		Usr 0 00:00:00, Sys 0 00:00:00  -  Total Local Usage
	0  -  Run Bytes Sent By Job
	0  -  Run Bytes Received By Job
	0  -  Total Bytes Sent By Job
	0  -  Total Bytes Received By Job
...
000 (1005037.000.000) 03/09 13:46:52 Job submitted from host: <192.168.1.254:52171>
...
013 (1005037.000.000) 03/09 13:46:52 Job was released.
	via condor_release (by user condor)
...
001 (1005037.000.000) 03/09 13:46:58 Job executing on host: <192.168.1.219:53667>
...
Job start: host=twqcd218, JOB_ID=1005037, GPU_ID=0, wdir=/home/cuda2024/twchiu/cuda_lecture/laplaceTex
005 (1005037.000.000) 03/09 13:47:23 Job terminated.
	(1) Normal termination (return value 0)
		Usr 0 00:00:12, Sys 0 00:00:01  -  Run Remote Usage
		Usr 0 00:00:00, Sys 0 00:00:00  -  Run Local Usage
		Usr 0 00:00:12, Sys 0 00:00:01  -  Total Remote Usage
		Usr 0 00:00:00, Sys 0 00:00:00  -  Total Local Usage
	0  -  Run Bytes Sent By Job
	0  -  Run Bytes Received By Job
	0  -  Total Bytes Sent By Job
	0  -  Total Bytes Received By Job
...
000 (1006090.000.000) 04/13 00:31:30 Job submitted from host: <192.168.1.254:36617>
...
013 (1006090.000.000) 04/13 00:31:36 Job was released.
	via condor_release (by user condor)
...
001 (1006090.000.000) 04/13 00:31:55 Job executing on host: <192.168.1.219:50797>
...
Job start: host=twqcd218, JOB_ID=1006090, GPU_ID=0, wdir=/home/cuda2024/B12902015/cuda_programming/laplaceTex
006 (1006090.000.000) 04/13 00:32:04 Image size of job updated: 13349000
...
005 (1006090.000.000) 04/13 00:32:23 Job terminated.
	(1) Normal termination (return value 0)
		Usr 0 00:00:18, Sys 0 00:00:01  -  Run Remote Usage
		Usr 0 00:00:00, Sys 0 00:00:00  -  Run Local Usage
		Usr 0 00:00:18, Sys 0 00:00:01  -  Total Remote Usage
		Usr 0 00:00:00, Sys 0 00:00:00  -  Total Local Usage
	0  -  Run Bytes Sent By Job
	0  -  Run Bytes Received By Job
	0  -  Total Bytes Sent By Job
	0  -  Total Bytes Received By Job
...
000 (1006092.000.000) 04/13 08:23:30 Job submitted from host: <192.168.1.254:36617>
...
013 (1006092.000.000) 04/13 08:23:31 Job was released.
	via condor_release (by user condor)
...
001 (1006092.000.000) 04/13 08:23:52 Job executing on host: <192.168.1.219:50797>
...
Job start: host=twqcd218, JOB_ID=1006092, GPU_ID=0, wdir=/home/cuda2024/B12902015/cuda_programming/laplaceTex
005 (1006092.000.000) 04/13 08:24:20 Job terminated.
	(1) Normal termination (return value 0)
		Usr 0 00:00:10, Sys 0 00:00:01  -  Run Remote Usage
		Usr 0 00:00:00, Sys 0 00:00:00  -  Run Local Usage
		Usr 0 00:00:10, Sys 0 00:00:01  -  Total Remote Usage
		Usr 0 00:00:00, Sys 0 00:00:00  -  Total Local Usage
	0  -  Run Bytes Sent By Job
	0  -  Run Bytes Received By Job
	0  -  Total Bytes Sent By Job
	0  -  Total Bytes Received By Job
...
000 (1006996.000.000) 05/04 15:16:35 Job submitted from host: <192.168.1.254:36617>
...
013 (1006996.000.000) 05/04 15:16:41 Job was released.
	via condor_release (by user condor)
...
001 (1006996.000.000) 05/04 15:16:59 Job executing on host: <192.168.1.219:50797>
...
005 (1006996.000.000) 05/04 15:16:59 Job terminated.
	(1) Normal termination (return value 1)
		Usr 0 00:00:00, Sys 0 00:00:00  -  Run Remote Usage
		Usr 0 00:00:00, Sys 0 00:00:00  -  Run Local Usage
		Usr 0 00:00:00, Sys 0 00:00:00  -  Total Remote Usage
		Usr 0 00:00:00, Sys 0 00:00:00  -  Total Local Usage
	0  -  Run Bytes Sent By Job
	0  -  Run Bytes Received By Job
	0  -  Total Bytes Sent By Job
	0  -  Total Bytes Received By Job
...
000 (1007006.000.000) 05/04 15:44:48 Job submitted from host: <192.168.1.254:36617>
...
013 (1007006.000.000) 05/04 15:44:49 Job was released.
	via condor_release (by user condor)
...
001 (1007006.000.000) 05/04 15:45:11 Job executing on host: <192.168.1.219:50797>
...
Job start: host=twqcd218, JOB_ID=1007006, GPU_ID=0, wdir=/home/cuda2024/B12902015/cuda_programming/hw3
006 (1007006.000.000) 05/04 15:50:21 Image size of job updated: 13350100
...
000 (1007007.000.000) 05/04 15:52:03 Job submitted from host: <192.168.1.254:36617>
...
013 (1007007.000.000) 05/04 15:52:11 Job was released.
	via condor_release (by user condor)
...
001 (1007007.000.000) 05/04 15:52:30 Job executing on host: <192.168.1.219:50797>
...
Job start: host=twqcd218, JOB_ID=1007007, GPU_ID=1, wdir=/home/cuda2024/B12902015/cuda_programming/hw3
000 (1007008.000.000) 05/04 15:52:52 Job submitted from host: <192.168.1.254:36617>
...
013 (1007008.000.000) 05/04 15:52:53 Job was released.
	via condor_release (by user condor)
...
001 (1007008.000.000) 05/04 15:52:58 Job executing on host: <192.168.1.81:43397>
...
Job start: host=twqcd80, JOB_ID=1007008, GPU_ID=0, wdir=/home/cuda2024/B12902015/cuda_programming/hw3
000 (1007009.000.000) 05/04 15:53:53 Job submitted from host: <192.168.1.254:36617>
...
013 (1007009.000.000) 05/04 15:53:55 Job was released.
	via condor_release (by user condor)
...
001 (1007009.000.000) 05/04 15:54:16 Job executing on host: <192.168.1.81:43397>
...
Job start: host=twqcd80, JOB_ID=1007009, GPU_ID=1, wdir=/home/cuda2024/B12902015/cuda_programming/hw3
005 (1007006.000.000) 05/04 15:55:09 Job terminated.
	(1) Normal termination (return value 0)
		Usr 0 00:06:57, Sys 0 00:02:47  -  Run Remote Usage
		Usr 0 00:00:00, Sys 0 00:00:00  -  Run Local Usage
		Usr 0 00:06:57, Sys 0 00:02:47  -  Total Remote Usage
		Usr 0 00:00:00, Sys 0 00:00:00  -  Total Local Usage
	0  -  Run Bytes Sent By Job
	0  -  Run Bytes Received By Job
	0  -  Total Bytes Sent By Job
	0  -  Total Bytes Received By Job
...
004 (1007007.000.000) 05/04 15:55:35 Job was evicted.
	(0) Job was not checkpointed.
		Usr 0 00:02:07, Sys 0 00:00:56  -  Run Remote Usage
		Usr 0 00:00:00, Sys 0 00:00:00  -  Run Local Usage
	0  -  Run Bytes Sent By Job
	0  -  Run Bytes Received By Job
...
009 (1007007.000.000) 05/04 15:55:35 Job was aborted by the user.
	via condor_rm (by user B12902015)
...
004 (1007008.000.000) 05/04 15:55:44 Job was evicted.
	(0) Job was not checkpointed.
		Usr 0 00:01:54, Sys 0 00:00:51  -  Run Remote Usage
		Usr 0 00:00:00, Sys 0 00:00:00  -  Run Local Usage
	0  -  Run Bytes Sent By Job
	0  -  Run Bytes Received By Job
...
009 (1007008.000.000) 05/04 15:55:44 Job was aborted by the user.
	via condor_rm (by user B12902015)
...
004 (1007009.000.000) 05/04 15:55:54 Job was evicted.
	(0) Job was not checkpointed.
		Usr 0 00:01:14, Sys 0 00:00:24  -  Run Remote Usage
		Usr 0 00:00:00, Sys 0 00:00:00  -  Run Local Usage
	0  -  Run Bytes Sent By Job
	0  -  Run Bytes Received By Job
...
009 (1007009.000.000) 05/04 15:55:55 Job was aborted by the user.
	via condor_rm (by user B12902015)
...
000 (1007010.000.000) 05/04 15:56:24 Job submitted from host: <192.168.1.254:36617>
...
013 (1007010.000.000) 05/04 15:56:29 Job was released.
	via condor_release (by user condor)
...
001 (1007010.000.000) 05/04 15:56:39 Job executing on host: <192.168.1.219:50797>
...
Job start: host=twqcd218, JOB_ID=1007010, GPU_ID=0, wdir=/home/cuda2024/B12902015/cuda_programming/hw3
006 (1007010.000.000) 05/04 15:56:47 Image size of job updated: 13349004
...
005 (1007010.000.000) 05/04 15:59:29 Job terminated.
	(1) Normal termination (return value 0)
		Usr 0 00:02:10, Sys 0 00:00:36  -  Run Remote Usage
		Usr 0 00:00:00, Sys 0 00:00:00  -  Run Local Usage
		Usr 0 00:02:10, Sys 0 00:00:36  -  Total Remote Usage
		Usr 0 00:00:00, Sys 0 00:00:00  -  Total Local Usage
	0  -  Run Bytes Sent By Job
	0  -  Run Bytes Received By Job
	0  -  Total Bytes Sent By Job
	0  -  Total Bytes Received By Job
...
000 (1007011.000.000) 05/04 16:14:11 Job submitted from host: <192.168.1.254:36617>
...
013 (1007011.000.000) 05/04 16:14:19 Job was released.
	via condor_release (by user condor)
...
001 (1007011.000.000) 05/04 16:14:41 Job executing on host: <192.168.1.219:50797>
...
Job start: host=twqcd218, JOB_ID=1007011, GPU_ID=0, wdir=/home/cuda2024/B12902015/cuda_programming/hw3
006 (1007011.000.000) 05/04 16:14:49 Image size of job updated: 13349004
...
004 (1007011.000.000) 05/04 16:15:13 Job was evicted.
	(0) Job was not checkpointed.
		Usr 0 00:00:25, Sys 0 00:00:07  -  Run Remote Usage
		Usr 0 00:00:00, Sys 0 00:00:00  -  Run Local Usage
	0  -  Run Bytes Sent By Job
	0  -  Run Bytes Received By Job
...
009 (1007011.000.000) 05/04 16:15:13 Job was aborted by the user.
	via condor_rm (by user B12902015)
...
000 (1007012.000.000) 05/04 16:15:32 Job submitted from host: <192.168.1.254:36617>
...
013 (1007012.000.000) 05/04 16:15:41 Job was released.
	via condor_release (by user condor)
...
001 (1007012.000.000) 05/04 16:15:55 Job executing on host: <192.168.1.219:50797>
...
Job start: host=twqcd218, JOB_ID=1007012, GPU_ID=0, wdir=/home/cuda2024/B12902015/cuda_programming/hw3
005 (1007012.000.000) 05/04 16:15:57 Job terminated.
	(1) Normal termination (return value 0)
		Usr 0 00:00:00, Sys 0 00:00:00  -  Run Remote Usage
		Usr 0 00:00:00, Sys 0 00:00:00  -  Run Local Usage
		Usr 0 00:00:00, Sys 0 00:00:00  -  Total Remote Usage
		Usr 0 00:00:00, Sys 0 00:00:00  -  Total Local Usage
	0  -  Run Bytes Sent By Job
	0  -  Run Bytes Received By Job
	0  -  Total Bytes Sent By Job
	0  -  Total Bytes Received By Job
...
000 (1007013.000.000) 05/04 16:23:41 Job submitted from host: <192.168.1.254:36617>
...
013 (1007013.000.000) 05/04 16:23:45 Job was released.
	via condor_release (by user condor)
...
001 (1007013.000.000) 05/04 16:24:04 Job executing on host: <192.168.1.219:50797>
...
Job start: host=twqcd218, JOB_ID=1007013, GPU_ID=0, wdir=/home/cuda2024/B12902015/cuda_programming/hw3
005 (1007013.000.000) 05/04 16:24:05 Job terminated.
	(1) Normal termination (return value 0)
		Usr 0 00:00:00, Sys 0 00:00:00  -  Run Remote Usage
		Usr 0 00:00:00, Sys 0 00:00:00  -  Run Local Usage
		Usr 0 00:00:00, Sys 0 00:00:00  -  Total Remote Usage
		Usr 0 00:00:00, Sys 0 00:00:00  -  Total Local Usage
	0  -  Run Bytes Sent By Job
	0  -  Run Bytes Received By Job
	0  -  Total Bytes Sent By Job
	0  -  Total Bytes Received By Job
...
000 (1007014.000.000) 05/04 16:25:18 Job submitted from host: <192.168.1.254:36617>
...
013 (1007014.000.000) 05/04 16:25:28 Job was released.
	via condor_release (by user condor)
...
001 (1007014.000.000) 05/04 16:25:46 Job executing on host: <192.168.1.219:50797>
...
Job start: host=twqcd218, JOB_ID=1007014, GPU_ID=0, wdir=/home/cuda2024/B12902015/cuda_programming/hw3
005 (1007014.000.000) 05/04 16:25:48 Job terminated.
	(1) Normal termination (return value 0)
		Usr 0 00:00:00, Sys 0 00:00:00  -  Run Remote Usage
		Usr 0 00:00:00, Sys 0 00:00:00  -  Run Local Usage
		Usr 0 00:00:00, Sys 0 00:00:00  -  Total Remote Usage
		Usr 0 00:00:00, Sys 0 00:00:00  -  Total Local Usage
	0  -  Run Bytes Sent By Job
	0  -  Run Bytes Received By Job
	0  -  Total Bytes Sent By Job
	0  -  Total Bytes Received By Job
...
000 (1007018.000.000) 05/04 16:31:27 Job submitted from host: <192.168.1.254:36617>
...
013 (1007018.000.000) 05/04 16:31:28 Job was released.
	via condor_release (by user condor)
...
000 (1007019.000.000) 05/04 16:31:34 Job submitted from host: <192.168.1.254:36617>
...
001 (1007018.000.000) 05/04 16:31:50 Job executing on host: <192.168.1.219:50797>
...
Job start: host=twqcd218, JOB_ID=1007018, GPU_ID=0, wdir=/home/cuda2024/B12902015/cuda_programming/hw3
005 (1007018.000.000) 05/04 16:31:51 Job terminated.
	(1) Normal termination (return value 0)
		Usr 0 00:00:00, Sys 0 00:00:00  -  Run Remote Usage
		Usr 0 00:00:00, Sys 0 00:00:00  -  Run Local Usage
		Usr 0 00:00:00, Sys 0 00:00:00  -  Total Remote Usage
		Usr 0 00:00:00, Sys 0 00:00:00  -  Total Local Usage
	0  -  Run Bytes Sent By Job
	0  -  Run Bytes Received By Job
	0  -  Total Bytes Sent By Job
	0  -  Total Bytes Received By Job
...
013 (1007019.000.000) 05/04 16:31:59 Job was released.
	via condor_release (by user condor)
...
009 (1007019.000.000) 05/04 16:32:07 Job was aborted by the user.
	via condor_rm (by user B12902015)
...
000 (1007020.000.000) 05/04 16:32:16 Job submitted from host: <192.168.1.254:36617>
...
013 (1007020.000.000) 05/04 16:32:20 Job was released.
	via condor_release (by user condor)
...
001 (1007020.000.000) 05/04 16:32:31 Job executing on host: <192.168.1.219:50797>
...
Job start: host=twqcd218, JOB_ID=1007020, GPU_ID=0, wdir=/home/cuda2024/B12902015/cuda_programming/hw3
005 (1007020.000.000) 05/04 16:32:33 Job terminated.
	(1) Normal termination (return value 0)
		Usr 0 00:00:00, Sys 0 00:00:00  -  Run Remote Usage
		Usr 0 00:00:00, Sys 0 00:00:00  -  Run Local Usage
		Usr 0 00:00:00, Sys 0 00:00:00  -  Total Remote Usage
		Usr 0 00:00:00, Sys 0 00:00:00  -  Total Local Usage
	0  -  Run Bytes Sent By Job
	0  -  Run Bytes Received By Job
	0  -  Total Bytes Sent By Job
	0  -  Total Bytes Received By Job
...
000 (1007023.000.000) 05/04 16:38:55 Job submitted from host: <192.168.1.254:36617>
...
013 (1007023.000.000) 05/04 16:39:01 Job was released.
	via condor_release (by user condor)
...
001 (1007023.000.000) 05/04 16:39:18 Job executing on host: <192.168.1.219:50797>
...
Job start: host=twqcd218, JOB_ID=1007023, GPU_ID=0, wdir=/home/cuda2024/B12902015/cuda_programming/hw3
005 (1007023.000.000) 05/04 16:39:20 Job terminated.
	(1) Normal termination (return value 0)
		Usr 0 00:00:00, Sys 0 00:00:00  -  Run Remote Usage
		Usr 0 00:00:00, Sys 0 00:00:00  -  Run Local Usage
		Usr 0 00:00:00, Sys 0 00:00:00  -  Total Remote Usage
		Usr 0 00:00:00, Sys 0 00:00:00  -  Total Local Usage
	0  -  Run Bytes Sent By Job
	0  -  Run Bytes Received By Job
	0  -  Total Bytes Sent By Job
	0  -  Total Bytes Received By Job
...
000 (1007024.000.000) 05/04 16:45:19 Job submitted from host: <192.168.1.254:36617>
...
013 (1007024.000.000) 05/04 16:45:22 Job was released.
	via condor_release (by user condor)
...
001 (1007024.000.000) 05/04 16:45:42 Job executing on host: <192.168.1.219:50797>
...
Job start: host=twqcd218, JOB_ID=1007024, GPU_ID=0, wdir=/home/cuda2024/B12902015/cuda_programming/hw3
005 (1007024.000.000) 05/04 16:45:43 Job terminated.
	(1) Normal termination (return value 0)
		Usr 0 00:00:00, Sys 0 00:00:00  -  Run Remote Usage
		Usr 0 00:00:00, Sys 0 00:00:00  -  Run Local Usage
		Usr 0 00:00:00, Sys 0 00:00:00  -  Total Remote Usage
		Usr 0 00:00:00, Sys 0 00:00:00  -  Total Local Usage
	0  -  Run Bytes Sent By Job
	0  -  Run Bytes Received By Job
	0  -  Total Bytes Sent By Job
	0  -  Total Bytes Received By Job
...
000 (1007025.000.000) 05/04 16:46:21 Job submitted from host: <192.168.1.254:36617>
...
013 (1007025.000.000) 05/04 16:46:24 Job was released.
	via condor_release (by user condor)
...
001 (1007025.000.000) 05/04 16:46:44 Job executing on host: <192.168.1.219:50797>
...
Job start: host=twqcd218, JOB_ID=1007025, GPU_ID=0, wdir=/home/cuda2024/B12902015/cuda_programming/hw3
005 (1007025.000.000) 05/04 16:46:45 Job terminated.
	(1) Normal termination (return value 0)
		Usr 0 00:00:00, Sys 0 00:00:00  -  Run Remote Usage
		Usr 0 00:00:00, Sys 0 00:00:00  -  Run Local Usage
		Usr 0 00:00:00, Sys 0 00:00:00  -  Total Remote Usage
		Usr 0 00:00:00, Sys 0 00:00:00  -  Total Local Usage
	0  -  Run Bytes Sent By Job
	0  -  Run Bytes Received By Job
	0  -  Total Bytes Sent By Job
	0  -  Total Bytes Received By Job
...
000 (1007026.000.000) 05/04 16:52:22 Job submitted from host: <192.168.1.254:36617>
...
013 (1007026.000.000) 05/04 16:52:24 Job was released.
	via condor_release (by user condor)
...
001 (1007026.000.000) 05/04 16:52:45 Job executing on host: <192.168.1.219:50797>
...
Job start: host=twqcd218, JOB_ID=1007026, GPU_ID=0, wdir=/home/cuda2024/B12902015/cuda_programming/hw3
005 (1007026.000.000) 05/04 16:52:46 Job terminated.
	(1) Normal termination (return value 0)
		Usr 0 00:00:00, Sys 0 00:00:00  -  Run Remote Usage
		Usr 0 00:00:00, Sys 0 00:00:00  -  Run Local Usage
		Usr 0 00:00:00, Sys 0 00:00:00  -  Total Remote Usage
		Usr 0 00:00:00, Sys 0 00:00:00  -  Total Local Usage
	0  -  Run Bytes Sent By Job
	0  -  Run Bytes Received By Job
	0  -  Total Bytes Sent By Job
	0  -  Total Bytes Received By Job
...
000 (1007027.000.000) 05/04 16:55:58 Job submitted from host: <192.168.1.254:36617>
...
013 (1007027.000.000) 05/04 16:56:00 Job was released.
	via condor_release (by user condor)
...
001 (1007027.000.000) 05/04 16:56:09 Job executing on host: <192.168.1.219:50797>
...
Job start: host=twqcd218, JOB_ID=1007027, GPU_ID=0, wdir=/home/cuda2024/B12902015/cuda_programming/hw3
005 (1007027.000.000) 05/04 16:56:10 Job terminated.
	(1) Normal termination (return value 0)
		Usr 0 00:00:00, Sys 0 00:00:00  -  Run Remote Usage
		Usr 0 00:00:00, Sys 0 00:00:00  -  Run Local Usage
		Usr 0 00:00:00, Sys 0 00:00:00  -  Total Remote Usage
		Usr 0 00:00:00, Sys 0 00:00:00  -  Total Local Usage
	0  -  Run Bytes Sent By Job
	0  -  Run Bytes Received By Job
	0  -  Total Bytes Sent By Job
	0  -  Total Bytes Received By Job
...
000 (1007030.000.000) 05/04 17:05:32 Job submitted from host: <192.168.1.254:36617>
...
013 (1007030.000.000) 05/04 17:05:36 Job was released.
	via condor_release (by user condor)
...
001 (1007030.000.000) 05/04 17:05:55 Job executing on host: <192.168.1.219:50797>
...
Job start: host=twqcd218, JOB_ID=1007030, GPU_ID=0, wdir=/home/cuda2024/B12902015/cuda_programming/hw3
005 (1007030.000.000) 05/04 17:05:56 Job terminated.
	(1) Normal termination (return value 0)
		Usr 0 00:00:00, Sys 0 00:00:00  -  Run Remote Usage
		Usr 0 00:00:00, Sys 0 00:00:00  -  Run Local Usage
		Usr 0 00:00:00, Sys 0 00:00:00  -  Total Remote Usage
		Usr 0 00:00:00, Sys 0 00:00:00  -  Total Local Usage
	0  -  Run Bytes Sent By Job
	0  -  Run Bytes Received By Job
	0  -  Total Bytes Sent By Job
	0  -  Total Bytes Received By Job
...
000 (1007031.000.000) 05/04 17:09:48 Job submitted from host: <192.168.1.254:36617>
...
013 (1007031.000.000) 05/04 17:09:53 Job was released.
	via condor_release (by user condor)
...
001 (1007031.000.000) 05/04 17:10:10 Job executing on host: <192.168.1.219:50797>
...
Job start: host=twqcd218, JOB_ID=1007031, GPU_ID=0, wdir=/home/cuda2024/B12902015/cuda_programming/hw3
005 (1007031.000.000) 05/04 17:10:12 Job terminated.
	(1) Normal termination (return value 0)
		Usr 0 00:00:00, Sys 0 00:00:00  -  Run Remote Usage
		Usr 0 00:00:00, Sys 0 00:00:00  -  Run Local Usage
		Usr 0 00:00:00, Sys 0 00:00:00  -  Total Remote Usage
		Usr 0 00:00:00, Sys 0 00:00:00  -  Total Local Usage
	0  -  Run Bytes Sent By Job
	0  -  Run Bytes Received By Job
	0  -  Total Bytes Sent By Job
	0  -  Total Bytes Received By Job
...
000 (1007032.000.000) 05/04 17:16:33 Job submitted from host: <192.168.1.254:36617>
...
013 (1007032.000.000) 05/04 17:16:35 Job was released.
	via condor_release (by user condor)
...
001 (1007032.000.000) 05/04 17:16:59 Job executing on host: <192.168.1.219:50797>
...
Job start: host=twqcd218, JOB_ID=1007032, GPU_ID=0, wdir=/home/cuda2024/B12902015/cuda_programming/hw3
005 (1007032.000.000) 05/04 17:17:00 Job terminated.
	(1) Normal termination (return value 0)
		Usr 0 00:00:00, Sys 0 00:00:00  -  Run Remote Usage
		Usr 0 00:00:00, Sys 0 00:00:00  -  Run Local Usage
		Usr 0 00:00:00, Sys 0 00:00:00  -  Total Remote Usage
		Usr 0 00:00:00, Sys 0 00:00:00  -  Total Local Usage
	0  -  Run Bytes Sent By Job
	0  -  Run Bytes Received By Job
	0  -  Total Bytes Sent By Job
	0  -  Total Bytes Received By Job
...
000 (1007037.000.000) 05/04 17:22:17 Job submitted from host: <192.168.1.254:36617>
...
013 (1007037.000.000) 05/04 17:22:25 Job was released.
	via condor_release (by user condor)
...
001 (1007037.000.000) 05/04 17:22:41 Job executing on host: <192.168.1.219:50797>
...
Job start: host=twqcd218, JOB_ID=1007037, GPU_ID=0, wdir=/home/cuda2024/B12902015/cuda_programming/hw3
005 (1007037.000.000) 05/04 17:22:42 Job terminated.
	(1) Normal termination (return value 0)
		Usr 0 00:00:00, Sys 0 00:00:00  -  Run Remote Usage
		Usr 0 00:00:00, Sys 0 00:00:00  -  Run Local Usage
		Usr 0 00:00:00, Sys 0 00:00:00  -  Total Remote Usage
		Usr 0 00:00:00, Sys 0 00:00:00  -  Total Local Usage
	0  -  Run Bytes Sent By Job
	0  -  Run Bytes Received By Job
	0  -  Total Bytes Sent By Job
	0  -  Total Bytes Received By Job
...
000 (1007038.000.000) 05/04 17:26:24 Job submitted from host: <192.168.1.254:36617>
...
013 (1007038.000.000) 05/04 17:26:32 Job was released.
	via condor_release (by user condor)
...
001 (1007038.000.000) 05/04 17:26:49 Job executing on host: <192.168.1.219:50797>
...
Job start: host=twqcd218, JOB_ID=1007038, GPU_ID=0, wdir=/home/cuda2024/B12902015/cuda_programming/hw3
005 (1007038.000.000) 05/04 17:26:52 Job terminated.
	(1) Normal termination (return value 0)
		Usr 0 00:00:00, Sys 0 00:00:00  -  Run Remote Usage
		Usr 0 00:00:00, Sys 0 00:00:00  -  Run Local Usage
		Usr 0 00:00:00, Sys 0 00:00:00  -  Total Remote Usage
		Usr 0 00:00:00, Sys 0 00:00:00  -  Total Local Usage
	0  -  Run Bytes Sent By Job
	0  -  Run Bytes Received By Job
	0  -  Total Bytes Sent By Job
	0  -  Total Bytes Received By Job
...
000 (1007042.000.000) 05/04 17:32:51 Job submitted from host: <192.168.1.254:36617>
...
013 (1007042.000.000) 05/04 17:32:53 Job was released.
	via condor_release (by user condor)
...
001 (1007042.000.000) 05/04 17:33:13 Job executing on host: <192.168.1.219:50797>
...
Job start: host=twqcd218, JOB_ID=1007042, GPU_ID=0, wdir=/home/cuda2024/B12902015/cuda_programming/hw3
005 (1007042.000.000) 05/04 17:33:14 Job terminated.
	(1) Normal termination (return value 0)
		Usr 0 00:00:00, Sys 0 00:00:00  -  Run Remote Usage
		Usr 0 00:00:00, Sys 0 00:00:00  -  Run Local Usage
		Usr 0 00:00:00, Sys 0 00:00:00  -  Total Remote Usage
		Usr 0 00:00:00, Sys 0 00:00:00  -  Total Local Usage
	0  -  Run Bytes Sent By Job
	0  -  Run Bytes Received By Job
	0  -  Total Bytes Sent By Job
	0  -  Total Bytes Received By Job
...
000 (1007043.000.000) 05/04 17:35:53 Job submitted from host: <192.168.1.254:36617>
...
013 (1007043.000.000) 05/04 17:35:58 Job was released.
	via condor_release (by user condor)
...
001 (1007043.000.000) 05/04 17:36:16 Job executing on host: <192.168.1.219:50797>
...
Job start: host=twqcd218, JOB_ID=1007043, GPU_ID=0, wdir=/home/cuda2024/B12902015/cuda_programming/hw3
005 (1007043.000.000) 05/04 17:36:18 Job terminated.
	(1) Normal termination (return value 0)
		Usr 0 00:00:00, Sys 0 00:00:00  -  Run Remote Usage
		Usr 0 00:00:00, Sys 0 00:00:00  -  Run Local Usage
		Usr 0 00:00:00, Sys 0 00:00:00  -  Total Remote Usage
		Usr 0 00:00:00, Sys 0 00:00:00  -  Total Local Usage
	0  -  Run Bytes Sent By Job
	0  -  Run Bytes Received By Job
	0  -  Total Bytes Sent By Job
	0  -  Total Bytes Received By Job
...
000 (1007044.000.000) 05/04 17:41:11 Job submitted from host: <192.168.1.254:36617>
...
013 (1007044.000.000) 05/04 17:41:17 Job was released.
	via condor_release (by user condor)
...
001 (1007044.000.000) 05/04 17:41:35 Job executing on host: <192.168.1.219:50797>
...
Job start: host=twqcd218, JOB_ID=1007044, GPU_ID=0, wdir=/home/cuda2024/B12902015/cuda_programming/hw3
005 (1007044.000.000) 05/04 17:41:36 Job terminated.
	(1) Normal termination (return value 0)
		Usr 0 00:00:00, Sys 0 00:00:00  -  Run Remote Usage
		Usr 0 00:00:00, Sys 0 00:00:00  -  Run Local Usage
		Usr 0 00:00:00, Sys 0 00:00:00  -  Total Remote Usage
		Usr 0 00:00:00, Sys 0 00:00:00  -  Total Local Usage
	0  -  Run Bytes Sent By Job
	0  -  Run Bytes Received By Job
	0  -  Total Bytes Sent By Job
	0  -  Total Bytes Received By Job
...
000 (1007046.000.000) 05/04 19:48:57 Job submitted from host: <192.168.1.254:36617>
...
013 (1007046.000.000) 05/04 19:48:58 Job was released.
	via condor_release (by user condor)
...
001 (1007046.000.000) 05/04 19:49:20 Job executing on host: <192.168.1.219:50797>
...
Job start: host=twqcd218, JOB_ID=1007046, GPU_ID=0, wdir=/home/cuda2024/B12902015/cuda_programming/hw3
005 (1007046.000.000) 05/04 19:49:22 Job terminated.
	(1) Normal termination (return value 0)
		Usr 0 00:00:00, Sys 0 00:00:00  -  Run Remote Usage
		Usr 0 00:00:00, Sys 0 00:00:00  -  Run Local Usage
		Usr 0 00:00:00, Sys 0 00:00:00  -  Total Remote Usage
		Usr 0 00:00:00, Sys 0 00:00:00  -  Total Local Usage
	0  -  Run Bytes Sent By Job
	0  -  Run Bytes Received By Job
	0  -  Total Bytes Sent By Job
	0  -  Total Bytes Received By Job
...
000 (1007047.000.000) 05/04 19:50:41 Job submitted from host: <192.168.1.254:36617>
...
013 (1007047.000.000) 05/04 19:50:41 Job was released.
	via condor_release (by user condor)
...
001 (1007047.000.000) 05/04 19:51:04 Job executing on host: <192.168.1.219:50797>
...
Job start: host=twqcd218, JOB_ID=1007047, GPU_ID=0, wdir=/home/cuda2024/B12902015/cuda_programming/hw3
005 (1007047.000.000) 05/04 19:51:05 Job terminated.
	(1) Normal termination (return value 0)
		Usr 0 00:00:00, Sys 0 00:00:00  -  Run Remote Usage
		Usr 0 00:00:00, Sys 0 00:00:00  -  Run Local Usage
		Usr 0 00:00:00, Sys 0 00:00:00  -  Total Remote Usage
		Usr 0 00:00:00, Sys 0 00:00:00  -  Total Local Usage
	0  -  Run Bytes Sent By Job
	0  -  Run Bytes Received By Job
	0  -  Total Bytes Sent By Job
	0  -  Total Bytes Received By Job
...
000 (1007048.000.000) 05/04 19:53:52 Job submitted from host: <192.168.1.254:36617>
...
013 (1007048.000.000) 05/04 19:53:57 Job was released.
	via condor_release (by user condor)
...
001 (1007048.000.000) 05/04 19:54:19 Job executing on host: <192.168.1.219:50797>
...
Job start: host=twqcd218, JOB_ID=1007048, GPU_ID=0, wdir=/home/cuda2024/B12902015/cuda_programming/hw3
005 (1007048.000.000) 05/04 19:54:20 Job terminated.
	(1) Normal termination (return value 0)
		Usr 0 00:00:00, Sys 0 00:00:00  -  Run Remote Usage
		Usr 0 00:00:00, Sys 0 00:00:00  -  Run Local Usage
		Usr 0 00:00:00, Sys 0 00:00:00  -  Total Remote Usage
		Usr 0 00:00:00, Sys 0 00:00:00  -  Total Local Usage
	0  -  Run Bytes Sent By Job
	0  -  Run Bytes Received By Job
	0  -  Total Bytes Sent By Job
	0  -  Total Bytes Received By Job
...
000 (1007049.000.000) 05/04 19:58:34 Job submitted from host: <192.168.1.254:36617>
...
013 (1007049.000.000) 05/04 19:58:34 Job was released.
	via condor_release (by user condor)
...
001 (1007049.000.000) 05/04 19:58:45 Job executing on host: <192.168.1.219:50797>
...
Job start: host=twqcd218, JOB_ID=1007049, GPU_ID=0, wdir=/home/cuda2024/B12902015/cuda_programming/hw3
005 (1007049.000.000) 05/04 19:58:47 Job terminated.
	(1) Normal termination (return value 0)
		Usr 0 00:00:00, Sys 0 00:00:00  -  Run Remote Usage
		Usr 0 00:00:00, Sys 0 00:00:00  -  Run Local Usage
		Usr 0 00:00:00, Sys 0 00:00:00  -  Total Remote Usage
		Usr 0 00:00:00, Sys 0 00:00:00  -  Total Local Usage
	0  -  Run Bytes Sent By Job
	0  -  Run Bytes Received By Job
	0  -  Total Bytes Sent By Job
	0  -  Total Bytes Received By Job
...
000 (1007050.000.000) 05/04 20:03:17 Job submitted from host: <192.168.1.254:36617>
...
013 (1007050.000.000) 05/04 20:03:22 Job was released.
	via condor_release (by user condor)
...
001 (1007050.000.000) 05/04 20:03:40 Job executing on host: <192.168.1.219:50797>
...
Job start: host=twqcd218, JOB_ID=1007050, GPU_ID=0, wdir=/home/cuda2024/B12902015/cuda_programming/hw3
005 (1007050.000.000) 05/04 20:03:42 Job terminated.
	(1) Normal termination (return value 0)
		Usr 0 00:00:00, Sys 0 00:00:00  -  Run Remote Usage
		Usr 0 00:00:00, Sys 0 00:00:00  -  Run Local Usage
		Usr 0 00:00:00, Sys 0 00:00:00  -  Total Remote Usage
		Usr 0 00:00:00, Sys 0 00:00:00  -  Total Local Usage
	0  -  Run Bytes Sent By Job
	0  -  Run Bytes Received By Job
	0  -  Total Bytes Sent By Job
	0  -  Total Bytes Received By Job
...
000 (1007052.000.000) 05/04 20:11:32 Job submitted from host: <192.168.1.254:36617>
...
013 (1007052.000.000) 05/04 20:11:36 Job was released.
	via condor_release (by user condor)
...
001 (1007052.000.000) 05/04 20:11:57 Job executing on host: <192.168.1.219:50797>
...
Job start: host=twqcd218, JOB_ID=1007052, GPU_ID=0, wdir=/home/cuda2024/B12902015/cuda_programming/hw3
005 (1007052.000.000) 05/04 20:11:59 Job terminated.
	(1) Normal termination (return value 0)
		Usr 0 00:00:00, Sys 0 00:00:00  -  Run Remote Usage
		Usr 0 00:00:00, Sys 0 00:00:00  -  Run Local Usage
		Usr 0 00:00:00, Sys 0 00:00:00  -  Total Remote Usage
		Usr 0 00:00:00, Sys 0 00:00:00  -  Total Local Usage
	0  -  Run Bytes Sent By Job
	0  -  Run Bytes Received By Job
	0  -  Total Bytes Sent By Job
	0  -  Total Bytes Received By Job
...
000 (1007053.000.000) 05/04 20:12:45 Job submitted from host: <192.168.1.254:36617>
...
013 (1007053.000.000) 05/04 20:12:48 Job was released.
	via condor_release (by user condor)
...
001 (1007053.000.000) 05/04 20:13:07 Job executing on host: <192.168.1.219:50797>
...
Job start: host=twqcd218, JOB_ID=1007053, GPU_ID=0, wdir=/home/cuda2024/B12902015/cuda_programming/hw3
005 (1007053.000.000) 05/04 20:13:09 Job terminated.
	(1) Normal termination (return value 0)
		Usr 0 00:00:00, Sys 0 00:00:00  -  Run Remote Usage
		Usr 0 00:00:00, Sys 0 00:00:00  -  Run Local Usage
		Usr 0 00:00:00, Sys 0 00:00:00  -  Total Remote Usage
		Usr 0 00:00:00, Sys 0 00:00:00  -  Total Local Usage
	0  -  Run Bytes Sent By Job
	0  -  Run Bytes Received By Job
	0  -  Total Bytes Sent By Job
	0  -  Total Bytes Received By Job
...
000 (1007055.000.000) 05/04 20:21:39 Job submitted from host: <192.168.1.254:36617>
...
013 (1007055.000.000) 05/04 20:21:43 Job was released.
	via condor_release (by user condor)
...
001 (1007055.000.000) 05/04 20:22:02 Job executing on host: <192.168.1.219:50797>
...
Job start: host=twqcd218, JOB_ID=1007055, GPU_ID=0, wdir=/home/cuda2024/B12902015/cuda_programming/hw3
005 (1007055.000.000) 05/04 20:22:04 Job terminated.
	(1) Normal termination (return value 0)
		Usr 0 00:00:00, Sys 0 00:00:00  -  Run Remote Usage
		Usr 0 00:00:00, Sys 0 00:00:00  -  Run Local Usage
		Usr 0 00:00:00, Sys 0 00:00:00  -  Total Remote Usage
		Usr 0 00:00:00, Sys 0 00:00:00  -  Total Local Usage
	0  -  Run Bytes Sent By Job
	0  -  Run Bytes Received By Job
	0  -  Total Bytes Sent By Job
	0  -  Total Bytes Received By Job
...
000 (1007056.000.000) 05/04 20:26:32 Job submitted from host: <192.168.1.254:36617>
...
013 (1007056.000.000) 05/04 20:26:42 Job was released.
	via condor_release (by user condor)
...
001 (1007056.000.000) 05/04 20:27:00 Job executing on host: <192.168.1.219:50797>
...
Job start: host=twqcd218, JOB_ID=1007056, GPU_ID=0, wdir=/home/cuda2024/B12902015/cuda_programming/hw3
005 (1007056.000.000) 05/04 20:27:01 Job terminated.
	(1) Normal termination (return value 0)
		Usr 0 00:00:00, Sys 0 00:00:00  -  Run Remote Usage
		Usr 0 00:00:00, Sys 0 00:00:00  -  Run Local Usage
		Usr 0 00:00:00, Sys 0 00:00:00  -  Total Remote Usage
		Usr 0 00:00:00, Sys 0 00:00:00  -  Total Local Usage
	0  -  Run Bytes Sent By Job
	0  -  Run Bytes Received By Job
	0  -  Total Bytes Sent By Job
	0  -  Total Bytes Received By Job
...
000 (1007058.000.000) 05/04 20:35:24 Job submitted from host: <192.168.1.254:36617>
...
013 (1007058.000.000) 05/04 20:35:27 Job was released.
	via condor_release (by user condor)
...
001 (1007058.000.000) 05/04 20:35:31 Job executing on host: <192.168.1.219:50797>
...
Job start: host=twqcd218, JOB_ID=1007058, GPU_ID=0, wdir=/home/cuda2024/B12902015/cuda_programming/hw3
005 (1007058.000.000) 05/04 20:35:33 Job terminated.
	(1) Normal termination (return value 0)
		Usr 0 00:00:00, Sys 0 00:00:00  -  Run Remote Usage
		Usr 0 00:00:00, Sys 0 00:00:00  -  Run Local Usage
		Usr 0 00:00:00, Sys 0 00:00:00  -  Total Remote Usage
		Usr 0 00:00:00, Sys 0 00:00:00  -  Total Local Usage
	0  -  Run Bytes Sent By Job
	0  -  Run Bytes Received By Job
	0  -  Total Bytes Sent By Job
	0  -  Total Bytes Received By Job
...
000 (1007059.000.000) 05/04 20:40:04 Job submitted from host: <192.168.1.254:36617>
...
013 (1007059.000.000) 05/04 20:40:04 Job was released.
	via condor_release (by user condor)
...
001 (1007059.000.000) 05/04 20:40:11 Job executing on host: <192.168.1.219:50797>
...
Job start: host=twqcd218, JOB_ID=1007059, GPU_ID=0, wdir=/home/cuda2024/B12902015/cuda_programming/hw3
005 (1007059.000.000) 05/04 20:40:12 Job terminated.
	(1) Normal termination (return value 0)
		Usr 0 00:00:00, Sys 0 00:00:00  -  Run Remote Usage
		Usr 0 00:00:00, Sys 0 00:00:00  -  Run Local Usage
		Usr 0 00:00:00, Sys 0 00:00:00  -  Total Remote Usage
		Usr 0 00:00:00, Sys 0 00:00:00  -  Total Local Usage
	0  -  Run Bytes Sent By Job
	0  -  Run Bytes Received By Job
	0  -  Total Bytes Sent By Job
	0  -  Total Bytes Received By Job
...
000 (1007065.000.000) 05/04 20:59:42 Job submitted from host: <192.168.1.254:36617>
...
013 (1007065.000.000) 05/04 20:59:48 Job was released.
	via condor_release (by user condor)
...
001 (1007065.000.000) 05/04 20:59:54 Job executing on host: <192.168.1.219:50797>
...
Job start: host=twqcd218, JOB_ID=1007065, GPU_ID=0, wdir=/home/cuda2024/B12902015/cuda_programming/hw3
005 (1007065.000.000) 05/04 20:59:56 Job terminated.
	(1) Normal termination (return value 0)
		Usr 0 00:00:00, Sys 0 00:00:00  -  Run Remote Usage
		Usr 0 00:00:00, Sys 0 00:00:00  -  Run Local Usage
		Usr 0 00:00:00, Sys 0 00:00:00  -  Total Remote Usage
		Usr 0 00:00:00, Sys 0 00:00:00  -  Total Local Usage
	0  -  Run Bytes Sent By Job
	0  -  Run Bytes Received By Job
	0  -  Total Bytes Sent By Job
	0  -  Total Bytes Received By Job
...
000 (1007066.000.000) 05/04 21:00:00 Job submitted from host: <192.168.1.254:36617>
...
013 (1007066.000.000) 05/04 21:00:08 Job was released.
	via condor_release (by user condor)
...
001 (1007066.000.000) 05/04 21:00:15 Job executing on host: <192.168.1.219:50797>
...
Job start: host=twqcd218, JOB_ID=1007066, GPU_ID=0, wdir=/home/cuda2024/B12902015/cuda_programming/hw3
005 (1007066.000.000) 05/04 21:00:17 Job terminated.
	(1) Normal termination (return value 0)
		Usr 0 00:00:00, Sys 0 00:00:00  -  Run Remote Usage
		Usr 0 00:00:00, Sys 0 00:00:00  -  Run Local Usage
		Usr 0 00:00:00, Sys 0 00:00:00  -  Total Remote Usage
		Usr 0 00:00:00, Sys 0 00:00:00  -  Total Local Usage
	0  -  Run Bytes Sent By Job
	0  -  Run Bytes Received By Job
	0  -  Total Bytes Sent By Job
	0  -  Total Bytes Received By Job
...
000 (1007067.000.000) 05/04 21:05:08 Job submitted from host: <192.168.1.254:36617>
...
013 (1007067.000.000) 05/04 21:05:17 Job was released.
	via condor_release (by user condor)
...
001 (1007067.000.000) 05/04 21:05:34 Job executing on host: <192.168.1.219:50797>
...
Job start: host=twqcd218, JOB_ID=1007067, GPU_ID=0, wdir=/home/cuda2024/B12902015/cuda_programming/hw3
005 (1007067.000.000) 05/04 21:05:36 Job terminated.
	(1) Normal termination (return value 0)
		Usr 0 00:00:00, Sys 0 00:00:00  -  Run Remote Usage
		Usr 0 00:00:00, Sys 0 00:00:00  -  Run Local Usage
		Usr 0 00:00:00, Sys 0 00:00:00  -  Total Remote Usage
		Usr 0 00:00:00, Sys 0 00:00:00  -  Total Local Usage
	0  -  Run Bytes Sent By Job
	0  -  Run Bytes Received By Job
	0  -  Total Bytes Sent By Job
	0  -  Total Bytes Received By Job
...
000 (1007068.000.000) 05/04 21:10:37 Job submitted from host: <192.168.1.254:36617>
...
013 (1007068.000.000) 05/04 21:10:46 Job was released.
	via condor_release (by user condor)
...
001 (1007068.000.000) 05/04 21:11:02 Job executing on host: <192.168.1.219:50797>
...
Job start: host=twqcd218, JOB_ID=1007068, GPU_ID=0, wdir=/home/cuda2024/B12902015/cuda_programming/hw3
005 (1007068.000.000) 05/04 21:11:03 Job terminated.
	(1) Normal termination (return value 0)
		Usr 0 00:00:00, Sys 0 00:00:00  -  Run Remote Usage
		Usr 0 00:00:00, Sys 0 00:00:00  -  Run Local Usage
		Usr 0 00:00:00, Sys 0 00:00:00  -  Total Remote Usage
		Usr 0 00:00:00, Sys 0 00:00:00  -  Total Local Usage
	0  -  Run Bytes Sent By Job
	0  -  Run Bytes Received By Job
	0  -  Total Bytes Sent By Job
	0  -  Total Bytes Received By Job
...
000 (1007069.000.000) 05/04 21:12:41 Job submitted from host: <192.168.1.254:36617>
...
013 (1007069.000.000) 05/04 21:12:50 Job was released.
	via condor_release (by user condor)
...
001 (1007069.000.000) 05/04 21:13:03 Job executing on host: <192.168.1.219:50797>
...
Job start: host=twqcd218, JOB_ID=1007069, GPU_ID=0, wdir=/home/cuda2024/B12902015/cuda_programming/hw3
005 (1007069.000.000) 05/04 21:13:05 Job terminated.
	(1) Normal termination (return value 0)
		Usr 0 00:00:00, Sys 0 00:00:00  -  Run Remote Usage
		Usr 0 00:00:00, Sys 0 00:00:00  -  Run Local Usage
		Usr 0 00:00:00, Sys 0 00:00:00  -  Total Remote Usage
		Usr 0 00:00:00, Sys 0 00:00:00  -  Total Local Usage
	0  -  Run Bytes Sent By Job
	0  -  Run Bytes Received By Job
	0  -  Total Bytes Sent By Job
	0  -  Total Bytes Received By Job
...
000 (1007079.000.000) 05/04 21:44:27 Job submitted from host: <192.168.1.254:36617>
...
013 (1007079.000.000) 05/04 21:44:34 Job was released.
	via condor_release (by user condor)
...
001 (1007079.000.000) 05/04 21:44:55 Job executing on host: <192.168.1.219:50797>
...
Job start: host=twqcd218, JOB_ID=1007079, GPU_ID=0, wdir=/home/cuda2024/B12902015/cuda_programming/hw3
005 (1007079.000.000) 05/04 21:44:56 Job terminated.
	(1) Normal termination (return value 139)
		Usr 0 00:00:00, Sys 0 00:00:00  -  Run Remote Usage
		Usr 0 00:00:00, Sys 0 00:00:00  -  Run Local Usage
		Usr 0 00:00:00, Sys 0 00:00:00  -  Total Remote Usage
		Usr 0 00:00:00, Sys 0 00:00:00  -  Total Local Usage
	0  -  Run Bytes Sent By Job
	0  -  Run Bytes Received By Job
	0  -  Total Bytes Sent By Job
	0  -  Total Bytes Received By Job
...
000 (1007081.000.000) 05/04 21:48:55 Job submitted from host: <192.168.1.254:36617>
...
013 (1007081.000.000) 05/04 21:49:01 Job was released.
	via condor_release (by user condor)
...
001 (1007081.000.000) 05/04 21:49:19 Job executing on host: <192.168.1.219:50797>
...
Job start: host=twqcd218, JOB_ID=1007081, GPU_ID=0, wdir=/home/cuda2024/B12902015/cuda_programming/hw3
005 (1007081.000.000) 05/04 21:49:20 Job terminated.
	(1) Normal termination (return value 139)
		Usr 0 00:00:00, Sys 0 00:00:00  -  Run Remote Usage
		Usr 0 00:00:00, Sys 0 00:00:00  -  Run Local Usage
		Usr 0 00:00:00, Sys 0 00:00:00  -  Total Remote Usage
		Usr 0 00:00:00, Sys 0 00:00:00  -  Total Local Usage
	0  -  Run Bytes Sent By Job
	0  -  Run Bytes Received By Job
	0  -  Total Bytes Sent By Job
	0  -  Total Bytes Received By Job
...
000 (1007082.000.000) 05/04 21:49:34 Job submitted from host: <192.168.1.254:36617>
...
013 (1007082.000.000) 05/04 21:49:43 Job was released.
	via condor_release (by user condor)
...
001 (1007082.000.000) 05/04 21:50:02 Job executing on host: <192.168.1.219:50797>
...
Job start: host=twqcd218, JOB_ID=1007082, GPU_ID=0, wdir=/home/cuda2024/B12902015/cuda_programming/hw3
005 (1007082.000.000) 05/04 21:50:04 Job terminated.
	(1) Normal termination (return value 139)
		Usr 0 00:00:00, Sys 0 00:00:00  -  Run Remote Usage
		Usr 0 00:00:00, Sys 0 00:00:00  -  Run Local Usage
		Usr 0 00:00:00, Sys 0 00:00:00  -  Total Remote Usage
		Usr 0 00:00:00, Sys 0 00:00:00  -  Total Local Usage
	0  -  Run Bytes Sent By Job
	0  -  Run Bytes Received By Job
	0  -  Total Bytes Sent By Job
	0  -  Total Bytes Received By Job
...
000 (1007084.000.000) 05/04 21:52:18 Job submitted from host: <192.168.1.254:36617>
...
013 (1007084.000.000) 05/04 21:52:27 Job was released.
	via condor_release (by user condor)
...
001 (1007084.000.000) 05/04 21:52:45 Job executing on host: <192.168.1.219:50797>
...
Job start: host=twqcd218, JOB_ID=1007084, GPU_ID=0, wdir=/home/cuda2024/B12902015/cuda_programming/hw3
005 (1007084.000.000) 05/04 21:52:46 Job terminated.
	(1) Normal termination (return value 0)
		Usr 0 00:00:00, Sys 0 00:00:00  -  Run Remote Usage
		Usr 0 00:00:00, Sys 0 00:00:00  -  Run Local Usage
		Usr 0 00:00:00, Sys 0 00:00:00  -  Total Remote Usage
		Usr 0 00:00:00, Sys 0 00:00:00  -  Total Local Usage
	0  -  Run Bytes Sent By Job
	0  -  Run Bytes Received By Job
	0  -  Total Bytes Sent By Job
	0  -  Total Bytes Received By Job
...
000 (1007086.000.000) 05/04 21:55:36 Job submitted from host: <192.168.1.254:36617>
...
013 (1007086.000.000) 05/04 21:55:43 Job was released.
	via condor_release (by user condor)
...
001 (1007086.000.000) 05/04 21:55:51 Job executing on host: <192.168.1.219:50797>
...
Job start: host=twqcd218, JOB_ID=1007086, GPU_ID=0, wdir=/home/cuda2024/B12902015/cuda_programming/hw3
005 (1007086.000.000) 05/04 21:55:52 Job terminated.
	(1) Normal termination (return value 139)
		Usr 0 00:00:00, Sys 0 00:00:00  -  Run Remote Usage
		Usr 0 00:00:00, Sys 0 00:00:00  -  Run Local Usage
		Usr 0 00:00:00, Sys 0 00:00:00  -  Total Remote Usage
		Usr 0 00:00:00, Sys 0 00:00:00  -  Total Local Usage
	0  -  Run Bytes Sent By Job
	0  -  Run Bytes Received By Job
	0  -  Total Bytes Sent By Job
	0  -  Total Bytes Received By Job
...
000 (1007087.000.000) 05/04 21:58:10 Job submitted from host: <192.168.1.254:36617>
...
013 (1007087.000.000) 05/04 21:58:17 Job was released.
	via condor_release (by user condor)
...
001 (1007087.000.000) 05/04 21:58:34 Job executing on host: <192.168.1.219:50797>
...
Job start: host=twqcd218, JOB_ID=1007087, GPU_ID=0, wdir=/home/cuda2024/B12902015/cuda_programming/hw3
005 (1007087.000.000) 05/04 21:58:36 Job terminated.
	(1) Normal termination (return value 139)
		Usr 0 00:00:00, Sys 0 00:00:00  -  Run Remote Usage
		Usr 0 00:00:00, Sys 0 00:00:00  -  Run Local Usage
		Usr 0 00:00:00, Sys 0 00:00:00  -  Total Remote Usage
		Usr 0 00:00:00, Sys 0 00:00:00  -  Total Local Usage
	0  -  Run Bytes Sent By Job
	0  -  Run Bytes Received By Job
	0  -  Total Bytes Sent By Job
	0  -  Total Bytes Received By Job
...
000 (1007088.000.000) 05/04 22:03:41 Job submitted from host: <192.168.1.254:36617>
...
013 (1007088.000.000) 05/04 22:03:47 Job was released.
	via condor_release (by user condor)
...
001 (1007088.000.000) 05/04 22:04:04 Job executing on host: <192.168.1.219:50797>
...
Job start: host=twqcd218, JOB_ID=1007088, GPU_ID=0, wdir=/home/cuda2024/B12902015/cuda_programming/hw3
005 (1007088.000.000) 05/04 22:04:06 Job terminated.
	(1) Normal termination (return value 139)
		Usr 0 00:00:00, Sys 0 00:00:00  -  Run Remote Usage
		Usr 0 00:00:00, Sys 0 00:00:00  -  Run Local Usage
		Usr 0 00:00:00, Sys 0 00:00:00  -  Total Remote Usage
		Usr 0 00:00:00, Sys 0 00:00:00  -  Total Local Usage
	0  -  Run Bytes Sent By Job
	0  -  Run Bytes Received By Job
	0  -  Total Bytes Sent By Job
	0  -  Total Bytes Received By Job
...
000 (1007089.000.000) 05/04 22:06:22 Job submitted from host: <192.168.1.254:36617>
...
013 (1007089.000.000) 05/04 22:06:32 Job was released.
	via condor_release (by user condor)
...
001 (1007089.000.000) 05/04 22:06:48 Job executing on host: <192.168.1.219:50797>
...
Job start: host=twqcd218, JOB_ID=1007089, GPU_ID=0, wdir=/home/cuda2024/B12902015/cuda_programming/hw3
005 (1007089.000.000) 05/04 22:06:50 Job terminated.
	(1) Normal termination (return value 0)
		Usr 0 00:00:00, Sys 0 00:00:00  -  Run Remote Usage
		Usr 0 00:00:00, Sys 0 00:00:00  -  Run Local Usage
		Usr 0 00:00:00, Sys 0 00:00:00  -  Total Remote Usage
		Usr 0 00:00:00, Sys 0 00:00:00  -  Total Local Usage
	0  -  Run Bytes Sent By Job
	0  -  Run Bytes Received By Job
	0  -  Total Bytes Sent By Job
	0  -  Total Bytes Received By Job
...
000 (1007094.000.000) 05/04 22:08:58 Job submitted from host: <192.168.1.254:36617>
...
013 (1007094.000.000) 05/04 22:09:27 Job was released.
	via condor_release (by user condor)
...
001 (1007094.000.000) 05/04 22:09:39 Job executing on host: <192.168.1.219:50797>
...
Job start: host=twqcd218, JOB_ID=1007094, GPU_ID=0, wdir=/home/cuda2024/B12902015/cuda_programming/hw3
005 (1007094.000.000) 05/04 22:09:41 Job terminated.
	(1) Normal termination (return value 0)
		Usr 0 00:00:00, Sys 0 00:00:00  -  Run Remote Usage
		Usr 0 00:00:00, Sys 0 00:00:00  -  Run Local Usage
		Usr 0 00:00:00, Sys 0 00:00:00  -  Total Remote Usage
		Usr 0 00:00:00, Sys 0 00:00:00  -  Total Local Usage
	0  -  Run Bytes Sent By Job
	0  -  Run Bytes Received By Job
	0  -  Total Bytes Sent By Job
	0  -  Total Bytes Received By Job
...
000 (1007096.000.000) 05/04 22:12:10 Job submitted from host: <192.168.1.254:36617>
...
013 (1007096.000.000) 05/04 22:12:12 Job was released.
	via condor_release (by user condor)
...
001 (1007096.000.000) 05/04 22:12:24 Job executing on host: <192.168.1.219:50797>
...
Job start: host=twqcd218, JOB_ID=1007096, GPU_ID=0, wdir=/home/cuda2024/B12902015/cuda_programming/hw3
005 (1007096.000.000) 05/04 22:12:25 Job terminated.
	(1) Normal termination (return value 0)
		Usr 0 00:00:00, Sys 0 00:00:00  -  Run Remote Usage
		Usr 0 00:00:00, Sys 0 00:00:00  -  Run Local Usage
		Usr 0 00:00:00, Sys 0 00:00:00  -  Total Remote Usage
		Usr 0 00:00:00, Sys 0 00:00:00  -  Total Local Usage
	0  -  Run Bytes Sent By Job
	0  -  Run Bytes Received By Job
	0  -  Total Bytes Sent By Job
	0  -  Total Bytes Received By Job
...
000 (1007098.000.000) 05/04 22:16:41 Job submitted from host: <192.168.1.254:36617>
...
013 (1007098.000.000) 05/04 22:16:50 Job was released.
	via condor_release (by user condor)
...
001 (1007098.000.000) 05/04 22:17:04 Job executing on host: <192.168.1.219:50797>
...
Job start: host=twqcd218, JOB_ID=1007098, GPU_ID=0, wdir=/home/cuda2024/B12902015/cuda_programming/hw3
005 (1007098.000.000) 05/04 22:17:06 Job terminated.
	(1) Normal termination (return value 0)
		Usr 0 00:00:00, Sys 0 00:00:00  -  Run Remote Usage
		Usr 0 00:00:00, Sys 0 00:00:00  -  Run Local Usage
		Usr 0 00:00:00, Sys 0 00:00:00  -  Total Remote Usage
		Usr 0 00:00:00, Sys 0 00:00:00  -  Total Local Usage
	0  -  Run Bytes Sent By Job
	0  -  Run Bytes Received By Job
	0  -  Total Bytes Sent By Job
	0  -  Total Bytes Received By Job
...
000 (1007099.000.000) 05/04 22:20:54 Job submitted from host: <192.168.1.254:36617>
...
013 (1007099.000.000) 05/04 22:20:57 Job was released.
	via condor_release (by user condor)
...
001 (1007099.000.000) 05/04 22:21:18 Job executing on host: <192.168.1.219:50797>
...
Job start: host=twqcd218, JOB_ID=1007099, GPU_ID=0, wdir=/home/cuda2024/B12902015/cuda_programming/hw3
005 (1007099.000.000) 05/04 22:21:20 Job terminated.
	(1) Normal termination (return value 0)
		Usr 0 00:00:00, Sys 0 00:00:00  -  Run Remote Usage
		Usr 0 00:00:00, Sys 0 00:00:00  -  Run Local Usage
		Usr 0 00:00:00, Sys 0 00:00:00  -  Total Remote Usage
		Usr 0 00:00:00, Sys 0 00:00:00  -  Total Local Usage
	0  -  Run Bytes Sent By Job
	0  -  Run Bytes Received By Job
	0  -  Total Bytes Sent By Job
	0  -  Total Bytes Received By Job
...
000 (1007100.000.000) 05/04 22:22:58 Job submitted from host: <192.168.1.254:36617>
...
013 (1007100.000.000) 05/04 22:23:01 Job was released.
	via condor_release (by user condor)
...
001 (1007100.000.000) 05/04 22:23:21 Job executing on host: <192.168.1.219:50797>
...
Job start: host=twqcd218, JOB_ID=1007100, GPU_ID=0, wdir=/home/cuda2024/B12902015/cuda_programming/hw3
005 (1007100.000.000) 05/04 22:23:22 Job terminated.
	(1) Normal termination (return value 0)
		Usr 0 00:00:00, Sys 0 00:00:00  -  Run Remote Usage
		Usr 0 00:00:00, Sys 0 00:00:00  -  Run Local Usage
		Usr 0 00:00:00, Sys 0 00:00:00  -  Total Remote Usage
		Usr 0 00:00:00, Sys 0 00:00:00  -  Total Local Usage
	0  -  Run Bytes Sent By Job
	0  -  Run Bytes Received By Job
	0  -  Total Bytes Sent By Job
	0  -  Total Bytes Received By Job
...
000 (1007102.000.000) 05/04 22:32:49 Job submitted from host: <192.168.1.254:36617>
...
013 (1007102.000.000) 05/04 22:32:57 Job was released.
	via condor_release (by user condor)
...
001 (1007102.000.000) 05/04 22:33:02 Job executing on host: <192.168.1.219:50797>
...
Job start: host=twqcd218, JOB_ID=1007102, GPU_ID=0, wdir=/home/cuda2024/B12902015/cuda_programming/hw3
005 (1007102.000.000) 05/04 22:33:25 Job terminated.
	(1) Normal termination (return value 0)
		Usr 0 00:00:13, Sys 0 00:00:01  -  Run Remote Usage
		Usr 0 00:00:00, Sys 0 00:00:00  -  Run Local Usage
		Usr 0 00:00:13, Sys 0 00:00:01  -  Total Remote Usage
		Usr 0 00:00:00, Sys 0 00:00:00  -  Total Local Usage
	0  -  Run Bytes Sent By Job
	0  -  Run Bytes Received By Job
	0  -  Total Bytes Sent By Job
	0  -  Total Bytes Received By Job
...
000 (1007104.000.000) 05/04 22:34:52 Job submitted from host: <192.168.1.254:36617>
...
013 (1007104.000.000) 05/04 22:35:22 Job was released.
	via condor_release (by user condor)
...
001 (1007104.000.000) 05/04 22:35:38 Job executing on host: <192.168.1.219:50797>
...
Job start: host=twqcd218, JOB_ID=1007104, GPU_ID=0, wdir=/home/cuda2024/B12902015/cuda_programming/hw3
005 (1007104.000.000) 05/04 22:35:39 Job terminated.
	(1) Normal termination (return value 0)
		Usr 0 00:00:00, Sys 0 00:00:00  -  Run Remote Usage
		Usr 0 00:00:00, Sys 0 00:00:00  -  Run Local Usage
		Usr 0 00:00:00, Sys 0 00:00:00  -  Total Remote Usage
		Usr 0 00:00:00, Sys 0 00:00:00  -  Total Local Usage
	0  -  Run Bytes Sent By Job
	0  -  Run Bytes Received By Job
	0  -  Total Bytes Sent By Job
	0  -  Total Bytes Received By Job
...
000 (1007107.000.000) 05/04 22:38:18 Job submitted from host: <192.168.1.254:36617>
...
013 (1007107.000.000) 05/04 22:38:27 Job was released.
	via condor_release (by user condor)
...
001 (1007107.000.000) 05/04 22:38:41 Job executing on host: <192.168.1.219:50797>
...
Job start: host=twqcd218, JOB_ID=1007107, GPU_ID=0, wdir=/home/cuda2024/B12902015/cuda_programming/hw3
005 (1007107.000.000) 05/04 22:38:43 Job terminated.
	(1) Normal termination (return value 0)
		Usr 0 00:00:00, Sys 0 00:00:00  -  Run Remote Usage
		Usr 0 00:00:00, Sys 0 00:00:00  -  Run Local Usage
		Usr 0 00:00:00, Sys 0 00:00:00  -  Total Remote Usage
		Usr 0 00:00:00, Sys 0 00:00:00  -  Total Local Usage
	0  -  Run Bytes Sent By Job
	0  -  Run Bytes Received By Job
	0  -  Total Bytes Sent By Job
	0  -  Total Bytes Received By Job
...
000 (1007112.000.000) 05/04 22:44:52 Job submitted from host: <192.168.1.254:36617>
...
013 (1007112.000.000) 05/04 22:44:59 Job was released.
	via condor_release (by user condor)
...
001 (1007112.000.000) 05/04 22:45:16 Job executing on host: <192.168.1.219:50797>
...
Job start: host=twqcd218, JOB_ID=1007112, GPU_ID=0, wdir=/home/cuda2024/B12902015/cuda_programming/hw3
005 (1007112.000.000) 05/04 22:45:17 Job terminated.
	(1) Normal termination (return value 0)
		Usr 0 00:00:00, Sys 0 00:00:00  -  Run Remote Usage
		Usr 0 00:00:00, Sys 0 00:00:00  -  Run Local Usage
		Usr 0 00:00:00, Sys 0 00:00:00  -  Total Remote Usage
		Usr 0 00:00:00, Sys 0 00:00:00  -  Total Local Usage
	0  -  Run Bytes Sent By Job
	0  -  Run Bytes Received By Job
	0  -  Total Bytes Sent By Job
	0  -  Total Bytes Received By Job
...
000 (1007113.000.000) 05/04 22:46:35 Job submitted from host: <192.168.1.254:36617>
...
013 (1007113.000.000) 05/04 22:46:42 Job was released.
	via condor_release (by user condor)
...
001 (1007113.000.000) 05/04 22:46:58 Job executing on host: <192.168.1.219:50797>
...
Job start: host=twqcd218, JOB_ID=1007113, GPU_ID=0, wdir=/home/cuda2024/B12902015/cuda_programming/hw3
005 (1007113.000.000) 05/04 22:47:00 Job terminated.
	(1) Normal termination (return value 0)
		Usr 0 00:00:00, Sys 0 00:00:00  -  Run Remote Usage
		Usr 0 00:00:00, Sys 0 00:00:00  -  Run Local Usage
		Usr 0 00:00:00, Sys 0 00:00:00  -  Total Remote Usage
		Usr 0 00:00:00, Sys 0 00:00:00  -  Total Local Usage
	0  -  Run Bytes Sent By Job
	0  -  Run Bytes Received By Job
	0  -  Total Bytes Sent By Job
	0  -  Total Bytes Received By Job
...
000 (1007114.000.000) 05/04 22:50:00 Job submitted from host: <192.168.1.254:36617>
...
013 (1007114.000.000) 05/04 22:50:07 Job was released.
	via condor_release (by user condor)
...
001 (1007114.000.000) 05/04 22:50:26 Job executing on host: <192.168.1.219:50797>
...
Job start: host=twqcd218, JOB_ID=1007114, GPU_ID=0, wdir=/home/cuda2024/B12902015/cuda_programming/hw3
005 (1007114.000.000) 05/04 22:50:27 Job terminated.
	(1) Normal termination (return value 0)
		Usr 0 00:00:00, Sys 0 00:00:00  -  Run Remote Usage
		Usr 0 00:00:00, Sys 0 00:00:00  -  Run Local Usage
		Usr 0 00:00:00, Sys 0 00:00:00  -  Total Remote Usage
		Usr 0 00:00:00, Sys 0 00:00:00  -  Total Local Usage
	0  -  Run Bytes Sent By Job
	0  -  Run Bytes Received By Job
	0  -  Total Bytes Sent By Job
	0  -  Total Bytes Received By Job
...
000 (1007115.000.000) 05/04 22:51:18 Job submitted from host: <192.168.1.254:36617>
...
013 (1007115.000.000) 05/04 22:51:20 Job was released.
	via condor_release (by user condor)
...
001 (1007115.000.000) 05/04 22:51:42 Job executing on host: <192.168.1.219:50797>
...
Job start: host=twqcd218, JOB_ID=1007115, GPU_ID=0, wdir=/home/cuda2024/B12902015/cuda_programming/hw3
005 (1007115.000.000) 05/04 22:51:43 Job terminated.
	(1) Normal termination (return value 0)
		Usr 0 00:00:00, Sys 0 00:00:00  -  Run Remote Usage
		Usr 0 00:00:00, Sys 0 00:00:00  -  Run Local Usage
		Usr 0 00:00:00, Sys 0 00:00:00  -  Total Remote Usage
		Usr 0 00:00:00, Sys 0 00:00:00  -  Total Local Usage
	0  -  Run Bytes Sent By Job
	0  -  Run Bytes Received By Job
	0  -  Total Bytes Sent By Job
	0  -  Total Bytes Received By Job
...
000 (1007118.000.000) 05/04 22:53:24 Job submitted from host: <192.168.1.254:36617>
...
013 (1007118.000.000) 05/04 22:53:34 Job was released.
	via condor_release (by user condor)
...
001 (1007118.000.000) 05/04 22:53:47 Job executing on host: <192.168.1.219:50797>
...
Job start: host=twqcd218, JOB_ID=1007118, GPU_ID=1, wdir=/home/cuda2024/B12902015/cuda_programming/hw3
005 (1007118.000.000) 05/04 22:53:52 Job terminated.
	(1) Normal termination (return value 0)
		Usr 0 00:00:00, Sys 0 00:00:00  -  Run Remote Usage
		Usr 0 00:00:00, Sys 0 00:00:00  -  Run Local Usage
		Usr 0 00:00:00, Sys 0 00:00:00  -  Total Remote Usage
		Usr 0 00:00:00, Sys 0 00:00:00  -  Total Local Usage
	0  -  Run Bytes Sent By Job
	0  -  Run Bytes Received By Job
	0  -  Total Bytes Sent By Job
	0  -  Total Bytes Received By Job
...
000 (1007119.000.000) 05/04 22:54:53 Job submitted from host: <192.168.1.254:36617>
...
013 (1007119.000.000) 05/04 22:54:56 Job was released.
	via condor_release (by user condor)
...
001 (1007119.000.000) 05/04 22:55:08 Job executing on host: <192.168.1.219:50797>
...
Job start: host=twqcd218, JOB_ID=1007119, GPU_ID=0, wdir=/home/cuda2024/B12902015/cuda_programming/hw3
005 (1007119.000.000) 05/04 22:55:17 Job terminated.
	(1) Normal termination (return value 0)
		Usr 0 00:00:00, Sys 0 00:00:00  -  Run Remote Usage
		Usr 0 00:00:00, Sys 0 00:00:00  -  Run Local Usage
		Usr 0 00:00:00, Sys 0 00:00:00  -  Total Remote Usage
		Usr 0 00:00:00, Sys 0 00:00:00  -  Total Local Usage
	0  -  Run Bytes Sent By Job
	0  -  Run Bytes Received By Job
	0  -  Total Bytes Sent By Job
	0  -  Total Bytes Received By Job
...
000 (1007120.000.000) 05/04 22:56:20 Job submitted from host: <192.168.1.254:36617>
...
013 (1007120.000.000) 05/04 22:56:29 Job was released.
	via condor_release (by user condor)
...
001 (1007120.000.000) 05/04 22:56:31 Job executing on host: <192.168.1.219:50797>
...
Job start: host=twqcd218, JOB_ID=1007120, GPU_ID=0, wdir=/home/cuda2024/B12902015/cuda_programming/hw3
005 (1007120.000.000) 05/04 22:56:52 Job terminated.
	(1) Normal termination (return value 0)
		Usr 0 00:00:13, Sys 0 00:00:00  -  Run Remote Usage
		Usr 0 00:00:00, Sys 0 00:00:00  -  Run Local Usage
		Usr 0 00:00:13, Sys 0 00:00:00  -  Total Remote Usage
		Usr 0 00:00:00, Sys 0 00:00:00  -  Total Local Usage
	0  -  Run Bytes Sent By Job
	0  -  Run Bytes Received By Job
	0  -  Total Bytes Sent By Job
	0  -  Total Bytes Received By Job
...
000 (1007121.000.000) 05/04 22:57:11 Job submitted from host: <192.168.1.254:36617>
...
013 (1007121.000.000) 05/04 22:57:21 Job was released.
	via condor_release (by user condor)
...
001 (1007121.000.000) 05/04 22:57:35 Job executing on host: <192.168.1.219:50797>
...
Job start: host=twqcd218, JOB_ID=1007121, GPU_ID=0, wdir=/home/cuda2024/B12902015/cuda_programming/hw3
005 (1007121.000.000) 05/04 22:57:56 Job terminated.
	(1) Normal termination (return value 0)
		Usr 0 00:00:13, Sys 0 00:00:00  -  Run Remote Usage
		Usr 0 00:00:00, Sys 0 00:00:00  -  Run Local Usage
		Usr 0 00:00:13, Sys 0 00:00:00  -  Total Remote Usage
		Usr 0 00:00:00, Sys 0 00:00:00  -  Total Local Usage
	0  -  Run Bytes Sent By Job
	0  -  Run Bytes Received By Job
	0  -  Total Bytes Sent By Job
	0  -  Total Bytes Received By Job
...
000 (1007122.000.000) 05/04 23:00:14 Job submitted from host: <192.168.1.254:36617>
...
013 (1007122.000.000) 05/04 23:00:16 Job was released.
	via condor_release (by user condor)
...
001 (1007122.000.000) 05/04 23:00:17 Job executing on host: <192.168.1.219:50797>
...
Job start: host=twqcd218, JOB_ID=1007122, GPU_ID=0, wdir=/home/cuda2024/B12902015/cuda_programming/hw3
005 (1007122.000.000) 05/04 23:00:19 Job terminated.
	(1) Normal termination (return value 0)
		Usr 0 00:00:00, Sys 0 00:00:00  -  Run Remote Usage
		Usr 0 00:00:00, Sys 0 00:00:00  -  Run Local Usage
		Usr 0 00:00:00, Sys 0 00:00:00  -  Total Remote Usage
		Usr 0 00:00:00, Sys 0 00:00:00  -  Total Local Usage
	0  -  Run Bytes Sent By Job
	0  -  Run Bytes Received By Job
	0  -  Total Bytes Sent By Job
	0  -  Total Bytes Received By Job
...
000 (1007125.000.000) 05/04 23:02:04 Job submitted from host: <192.168.1.254:36617>
...
013 (1007125.000.000) 05/04 23:02:09 Job was released.
	via condor_release (by user condor)
...
001 (1007125.000.000) 05/04 23:02:28 Job executing on host: <192.168.1.219:50797>
...
Job start: host=twqcd218, JOB_ID=1007125, GPU_ID=0, wdir=/home/cuda2024/B12902015/cuda_programming/hw3
005 (1007125.000.000) 05/04 23:02:30 Job terminated.
	(1) Normal termination (return value 0)
		Usr 0 00:00:00, Sys 0 00:00:00  -  Run Remote Usage
		Usr 0 00:00:00, Sys 0 00:00:00  -  Run Local Usage
		Usr 0 00:00:00, Sys 0 00:00:00  -  Total Remote Usage
		Usr 0 00:00:00, Sys 0 00:00:00  -  Total Local Usage
	0  -  Run Bytes Sent By Job
	0  -  Run Bytes Received By Job
	0  -  Total Bytes Sent By Job
	0  -  Total Bytes Received By Job
...
000 (1007129.000.000) 05/04 23:05:13 Job submitted from host: <192.168.1.254:36617>
...
013 (1007129.000.000) 05/04 23:05:15 Job was released.
	via condor_release (by user condor)
...
001 (1007129.000.000) 05/04 23:05:24 Job executing on host: <192.168.1.219:50797>
...
Job start: host=twqcd218, JOB_ID=1007129, GPU_ID=0, wdir=/home/cuda2024/B12902015/cuda_programming/hw3
005 (1007129.000.000) 05/04 23:05:25 Job terminated.
	(1) Normal termination (return value 0)
		Usr 0 00:00:00, Sys 0 00:00:00  -  Run Remote Usage
		Usr 0 00:00:00, Sys 0 00:00:00  -  Run Local Usage
		Usr 0 00:00:00, Sys 0 00:00:00  -  Total Remote Usage
		Usr 0 00:00:00, Sys 0 00:00:00  -  Total Local Usage
	0  -  Run Bytes Sent By Job
	0  -  Run Bytes Received By Job
	0  -  Total Bytes Sent By Job
	0  -  Total Bytes Received By Job
...
000 (1007132.000.000) 05/04 23:10:15 Job submitted from host: <192.168.1.254:36617>
...
013 (1007132.000.000) 05/04 23:10:24 Job was released.
	via condor_release (by user condor)
...
001 (1007132.000.000) 05/04 23:10:42 Job executing on host: <192.168.1.219:50797>
...
Job start: host=twqcd218, JOB_ID=1007132, GPU_ID=0, wdir=/home/cuda2024/B12902015/cuda_programming/hw3
005 (1007132.000.000) 05/04 23:10:44 Job terminated.
	(1) Normal termination (return value 0)
		Usr 0 00:00:00, Sys 0 00:00:00  -  Run Remote Usage
		Usr 0 00:00:00, Sys 0 00:00:00  -  Run Local Usage
		Usr 0 00:00:00, Sys 0 00:00:00  -  Total Remote Usage
		Usr 0 00:00:00, Sys 0 00:00:00  -  Total Local Usage
	0  -  Run Bytes Sent By Job
	0  -  Run Bytes Received By Job
	0  -  Total Bytes Sent By Job
	0  -  Total Bytes Received By Job
...
000 (1007133.000.000) 05/04 23:12:42 Job submitted from host: <192.168.1.254:36617>
...
013 (1007133.000.000) 05/04 23:12:48 Job was released.
	via condor_release (by user condor)
...
001 (1007133.000.000) 05/04 23:13:06 Job executing on host: <192.168.1.219:50797>
...
Job start: host=twqcd218, JOB_ID=1007133, GPU_ID=0, wdir=/home/cuda2024/B12902015/cuda_programming/hw3
005 (1007133.000.000) 05/04 23:13:27 Job terminated.
	(1) Normal termination (return value 0)
		Usr 0 00:00:13, Sys 0 00:00:00  -  Run Remote Usage
		Usr 0 00:00:00, Sys 0 00:00:00  -  Run Local Usage
		Usr 0 00:00:13, Sys 0 00:00:00  -  Total Remote Usage
		Usr 0 00:00:00, Sys 0 00:00:00  -  Total Local Usage
	0  -  Run Bytes Sent By Job
	0  -  Run Bytes Received By Job
	0  -  Total Bytes Sent By Job
	0  -  Total Bytes Received By Job
...
000 (1007135.000.000) 05/04 23:15:15 Job submitted from host: <192.168.1.254:36617>
...
013 (1007135.000.000) 05/04 23:15:22 Job was released.
	via condor_release (by user condor)
...
001 (1007135.000.000) 05/04 23:15:42 Job executing on host: <192.168.1.219:50797>
...
Job start: host=twqcd218, JOB_ID=1007135, GPU_ID=0, wdir=/home/cuda2024/B12902015/cuda_programming/hw3
005 (1007135.000.000) 05/04 23:15:44 Job terminated.
	(1) Normal termination (return value 0)
		Usr 0 00:00:00, Sys 0 00:00:00  -  Run Remote Usage
		Usr 0 00:00:00, Sys 0 00:00:00  -  Run Local Usage
		Usr 0 00:00:00, Sys 0 00:00:00  -  Total Remote Usage
		Usr 0 00:00:00, Sys 0 00:00:00  -  Total Local Usage
	0  -  Run Bytes Sent By Job
	0  -  Run Bytes Received By Job
	0  -  Total Bytes Sent By Job
	0  -  Total Bytes Received By Job
...
000 (1007136.000.000) 05/04 23:16:40 Job submitted from host: <192.168.1.254:36617>
...
013 (1007136.000.000) 05/04 23:16:45 Job was released.
	via condor_release (by user condor)
...
001 (1007136.000.000) 05/04 23:17:03 Job executing on host: <192.168.1.219:50797>
...
Job start: host=twqcd218, JOB_ID=1007136, GPU_ID=0, wdir=/home/cuda2024/B12902015/cuda_programming/hw3
005 (1007136.000.000) 05/04 23:17:05 Job terminated.
	(1) Normal termination (return value 0)
		Usr 0 00:00:00, Sys 0 00:00:00  -  Run Remote Usage
		Usr 0 00:00:00, Sys 0 00:00:00  -  Run Local Usage
		Usr 0 00:00:00, Sys 0 00:00:00  -  Total Remote Usage
		Usr 0 00:00:00, Sys 0 00:00:00  -  Total Local Usage
	0  -  Run Bytes Sent By Job
	0  -  Run Bytes Received By Job
	0  -  Total Bytes Sent By Job
	0  -  Total Bytes Received By Job
...
